<?xml version="1.0" encoding="UTF-8"?>
<robot generator="Robot 3.2.2 (Python 3.9.0 on win32)" generated="20201127 14:32:44.014" rpa="false">
<suite id="s1" name="Thomann" source="C:\Users\ett17545\PycharmProjects\ThomannAdvanced\Tests\Thomann.robot">
<test id="s1-t1" name="User should be able to accept cookies and end up on landing page">
<kw name="Begin Web Test" library="Common" type="setup">
<kw name="Choose Browser" library="Common">
<doc>Users chooses browser for tests</doc>
<assign>
<var>${BROWSER}</var>
</assign>
<kw name="Convert To String" library="BuiltIn">
<doc>Converts the given item to a Unicode string.</doc>
<arguments>
<arg>edge</arg>
</arguments>
<assign>
<var>${Edge}</var>
</assign>
<msg timestamp="20201127 14:32:44.202" level="INFO">${Edge} = edge</msg>
<status status="PASS" starttime="20201127 14:32:44.201" endtime="20201127 14:32:44.202"></status>
</kw>
<kw name="Convert To String" library="BuiltIn">
<doc>Converts the given item to a Unicode string.</doc>
<arguments>
<arg>chrome</arg>
</arguments>
<assign>
<var>${Chrome}</var>
</assign>
<msg timestamp="20201127 14:32:44.202" level="INFO">${Chrome} = chrome</msg>
<status status="PASS" starttime="20201127 14:32:44.202" endtime="20201127 14:32:44.202"></status>
</kw>
<kw name="Convert To String" library="BuiltIn">
<doc>Converts the given item to a Unicode string.</doc>
<arguments>
<arg>ie</arg>
</arguments>
<assign>
<var>${Explorer}</var>
</assign>
<msg timestamp="20201127 14:32:44.202" level="INFO">${Explorer} = ie</msg>
<status status="PASS" starttime="20201127 14:32:44.202" endtime="20201127 14:32:44.202"></status>
</kw>
<kw name="Get Selection From User" library="Dialogs">
<doc>Pauses test execution and asks user to select a value.</doc>
<arguments>
<arg>Choose Your Browser</arg>
<arg>${Edge}</arg>
<arg>${Chrome}</arg>
</arguments>
<assign>
<var>${Selection}</var>
</assign>
<msg timestamp="20201127 14:32:47.557" level="INFO">${Selection} = chrome</msg>
<status status="PASS" starttime="20201127 14:32:44.202" endtime="20201127 14:32:47.557"></status>
</kw>
<msg timestamp="20201127 14:32:47.557" level="INFO">${BROWSER} = chrome</msg>
<status status="PASS" starttime="20201127 14:32:44.201" endtime="20201127 14:32:47.557"></status>
</kw>
<kw name="Open Browser" library="SeleniumLibrary">
<doc>Opens a new browser instance to the optional ``url``.</doc>
<arguments>
<arg>about:blank</arg>
<arg>${BROWSER}</arg>
</arguments>
<msg timestamp="20201127 14:32:47.558" level="INFO">Opening browser 'chrome' to base url 'about:blank'.</msg>
<status status="PASS" starttime="20201127 14:32:47.557" endtime="20201127 14:32:50.743"></status>
</kw>
<kw name="Maximize Browser Window" library="SeleniumLibrary">
<doc>Maximizes current browser window.</doc>
<status status="PASS" starttime="20201127 14:32:50.743" endtime="20201127 14:32:52.861"></status>
</kw>
<status status="PASS" starttime="20201127 14:32:44.201" endtime="20201127 14:32:52.861"></status>
</kw>
<kw name="Accept Cookies" library="ThomannApp">
<kw name="Load" library="LandingPage">
<kw name="Go To" library="SeleniumLibrary">
<doc>Navigates the current browser window to the provided ``url``.</doc>
<arguments>
<arg>${START_URL}</arg>
</arguments>
<msg timestamp="20201127 14:32:52.862" level="INFO">Opening url 'https://www.thomann.de/fi'</msg>
<status status="PASS" starttime="20201127 14:32:52.862" endtime="20201127 14:32:56.102"></status>
</kw>
<status status="PASS" starttime="20201127 14:32:52.862" endtime="20201127 14:32:56.102"></status>
</kw>
<kw name="Accept Cookies" library="Cookies">
<kw name="Wait Until Page Contains" library="SeleniumLibrary">
<doc>Waits until ``text`` appears on the current page.</doc>
<arguments>
<arg>Evästeet</arg>
</arguments>
<status status="PASS" starttime="20201127 14:32:56.103" endtime="20201127 14:32:56.128"></status>
</kw>
<kw name="Click Button" library="SeleniumLibrary">
<doc>Clicks the button identified by ``locator``.</doc>
<arguments>
<arg>xpath=//button[contains(text(),'yväksy')]</arg>
</arguments>
<msg timestamp="20201127 14:32:56.129" level="INFO">Clicking button 'xpath=//button[contains(text(),'yväksy')]'.</msg>
<status status="PASS" starttime="20201127 14:32:56.129" endtime="20201127 14:32:56.212"></status>
</kw>
<kw name="Sleep" library="BuiltIn">
<doc>Pauses the test executed for the given time.</doc>
<arguments>
<arg>1s</arg>
</arguments>
<msg timestamp="20201127 14:32:57.213" level="INFO">Slept 1 second</msg>
<status status="PASS" starttime="20201127 14:32:56.212" endtime="20201127 14:32:57.213"></status>
</kw>
<status status="PASS" starttime="20201127 14:32:56.102" endtime="20201127 14:32:57.213"></status>
</kw>
<status status="PASS" starttime="20201127 14:32:52.861" endtime="20201127 14:32:57.213"></status>
</kw>
<kw name="Verify Landing" library="ThomannApp">
<kw name="Verify" library="LandingPage">
<kw name="Wait Until Page Contains" library="SeleniumLibrary">
<doc>Waits until ``text`` appears on the current page.</doc>
<arguments>
<arg>Tervetuloa Thomannille</arg>
</arguments>
<status status="PASS" starttime="20201127 14:32:57.215" endtime="20201127 14:32:57.244"></status>
</kw>
<status status="PASS" starttime="20201127 14:32:57.215" endtime="20201127 14:32:57.244"></status>
</kw>
<status status="PASS" starttime="20201127 14:32:57.214" endtime="20201127 14:32:57.244"></status>
</kw>
<kw name="End Web Test" library="Common" type="teardown">
<kw name="Close Browser" library="SeleniumLibrary">
<doc>Closes the current browser.</doc>
<status status="PASS" starttime="20201127 14:32:57.245" endtime="20201127 14:32:59.338"></status>
</kw>
<status status="PASS" starttime="20201127 14:32:57.245" endtime="20201127 14:32:59.338"></status>
</kw>
<doc>Accept cookies and load landing page</doc>
<tags>
<tag>test1</tag>
</tags>
<status status="PASS" starttime="20201127 14:32:44.200" endtime="20201127 14:32:59.338" critical="yes"></status>
</test>
<test id="s1-t2" name="User should be able to search for products and select">
<kw name="Begin Web Test" library="Common" type="setup">
<kw name="Choose Browser" library="Common">
<doc>Users chooses browser for tests</doc>
<assign>
<var>${BROWSER}</var>
</assign>
<kw name="Convert To String" library="BuiltIn">
<doc>Converts the given item to a Unicode string.</doc>
<arguments>
<arg>edge</arg>
</arguments>
<assign>
<var>${Edge}</var>
</assign>
<msg timestamp="20201127 14:32:59.341" level="INFO">${Edge} = edge</msg>
<status status="PASS" starttime="20201127 14:32:59.341" endtime="20201127 14:32:59.341"></status>
</kw>
<kw name="Convert To String" library="BuiltIn">
<doc>Converts the given item to a Unicode string.</doc>
<arguments>
<arg>chrome</arg>
</arguments>
<assign>
<var>${Chrome}</var>
</assign>
<msg timestamp="20201127 14:32:59.342" level="INFO">${Chrome} = chrome</msg>
<status status="PASS" starttime="20201127 14:32:59.342" endtime="20201127 14:32:59.342"></status>
</kw>
<kw name="Convert To String" library="BuiltIn">
<doc>Converts the given item to a Unicode string.</doc>
<arguments>
<arg>ie</arg>
</arguments>
<assign>
<var>${Explorer}</var>
</assign>
<msg timestamp="20201127 14:32:59.342" level="INFO">${Explorer} = ie</msg>
<status status="PASS" starttime="20201127 14:32:59.342" endtime="20201127 14:32:59.342"></status>
</kw>
<kw name="Get Selection From User" library="Dialogs">
<doc>Pauses test execution and asks user to select a value.</doc>
<arguments>
<arg>Choose Your Browser</arg>
<arg>${Edge}</arg>
<arg>${Chrome}</arg>
</arguments>
<assign>
<var>${Selection}</var>
</assign>
<msg timestamp="20201127 14:33:04.910" level="INFO">${Selection} = edge</msg>
<status status="PASS" starttime="20201127 14:32:59.342" endtime="20201127 14:33:04.910"></status>
</kw>
<msg timestamp="20201127 14:33:04.910" level="INFO">${BROWSER} = edge</msg>
<status status="PASS" starttime="20201127 14:32:59.341" endtime="20201127 14:33:04.910"></status>
</kw>
<kw name="Open Browser" library="SeleniumLibrary">
<doc>Opens a new browser instance to the optional ``url``.</doc>
<arguments>
<arg>about:blank</arg>
<arg>${BROWSER}</arg>
</arguments>
<msg timestamp="20201127 14:33:04.911" level="INFO">Opening browser 'edge' to base url 'about:blank'.</msg>
<status status="PASS" starttime="20201127 14:33:04.910" endtime="20201127 14:33:08.528"></status>
</kw>
<kw name="Maximize Browser Window" library="SeleniumLibrary">
<doc>Maximizes current browser window.</doc>
<status status="PASS" starttime="20201127 14:33:08.528" endtime="20201127 14:33:10.648"></status>
</kw>
<status status="PASS" starttime="20201127 14:32:59.341" endtime="20201127 14:33:10.648"></status>
</kw>
<kw name="Accept Cookies" library="ThomannApp">
<kw name="Load" library="LandingPage">
<kw name="Go To" library="SeleniumLibrary">
<doc>Navigates the current browser window to the provided ``url``.</doc>
<arguments>
<arg>${START_URL}</arg>
</arguments>
<msg timestamp="20201127 14:33:10.649" level="INFO">Opening url 'https://www.thomann.de/fi'</msg>
<status status="PASS" starttime="20201127 14:33:10.649" endtime="20201127 14:33:13.803"></status>
</kw>
<status status="PASS" starttime="20201127 14:33:10.649" endtime="20201127 14:33:13.803"></status>
</kw>
<kw name="Accept Cookies" library="Cookies">
<kw name="Wait Until Page Contains" library="SeleniumLibrary">
<doc>Waits until ``text`` appears on the current page.</doc>
<arguments>
<arg>Evästeet</arg>
</arguments>
<status status="PASS" starttime="20201127 14:33:13.803" endtime="20201127 14:33:13.833"></status>
</kw>
<kw name="Click Button" library="SeleniumLibrary">
<doc>Clicks the button identified by ``locator``.</doc>
<arguments>
<arg>xpath=//button[contains(text(),'yväksy')]</arg>
</arguments>
<msg timestamp="20201127 14:33:13.833" level="INFO">Clicking button 'xpath=//button[contains(text(),'yväksy')]'.</msg>
<status status="PASS" starttime="20201127 14:33:13.833" endtime="20201127 14:33:13.902"></status>
</kw>
<kw name="Sleep" library="BuiltIn">
<doc>Pauses the test executed for the given time.</doc>
<arguments>
<arg>1s</arg>
</arguments>
<msg timestamp="20201127 14:33:14.904" level="INFO">Slept 1 second</msg>
<status status="PASS" starttime="20201127 14:33:13.903" endtime="20201127 14:33:14.904"></status>
</kw>
<status status="PASS" starttime="20201127 14:33:13.803" endtime="20201127 14:33:14.905"></status>
</kw>
<status status="PASS" starttime="20201127 14:33:10.649" endtime="20201127 14:33:14.905"></status>
</kw>
<kw name="Verify Landing" library="ThomannApp">
<kw name="Verify" library="LandingPage">
<kw name="Wait Until Page Contains" library="SeleniumLibrary">
<doc>Waits until ``text`` appears on the current page.</doc>
<arguments>
<arg>Tervetuloa Thomannille</arg>
</arguments>
<status status="PASS" starttime="20201127 14:33:14.909" endtime="20201127 14:33:14.932"></status>
</kw>
<status status="PASS" starttime="20201127 14:33:14.908" endtime="20201127 14:33:14.932"></status>
</kw>
<status status="PASS" starttime="20201127 14:33:14.907" endtime="20201127 14:33:14.932"></status>
</kw>
<kw name="Search Products" library="ThomannApp">
<kw name="Search for Products" library="TopNav">
<kw name="Enter Search Term" library="TopNav">
<kw name="Input Text" library="SeleniumLibrary">
<doc>Types the given ``text`` into the text field identified by ``locator``.</doc>
<arguments>
<arg>${TOPNAV_SEARCH_BAR}</arg>
<arg>${SEARCH_TERM}</arg>
</arguments>
<msg timestamp="20201127 14:33:14.934" level="INFO">Typing text 'Telecaster' into text field 'xpath=//*[@id="fsearch-sw"]'.</msg>
<status status="PASS" starttime="20201127 14:33:14.934" endtime="20201127 14:33:15.036"></status>
</kw>
<status status="PASS" starttime="20201127 14:33:14.933" endtime="20201127 14:33:15.036"></status>
</kw>
<kw name="Submit Search" library="TopNav">
<kw name="Press Keys" library="SeleniumLibrary">
<doc>Simulates the user pressing key(s) to an element or on the active browser.</doc>
<arguments>
<arg>${TOPNAV_SEARCH_BAR}</arg>
<arg>ENTER</arg>
</arguments>
<msg timestamp="20201127 14:33:15.037" level="INFO">Sending key(s) ('ENTER',) to xpath=//*[@id="fsearch-sw"] element.</msg>
<msg timestamp="20201127 14:33:15.382" level="INFO">Pressing special key ENTER to element.</msg>
<msg timestamp="20201127 14:33:15.382" level="INFO">Releasing special key ENTER.</msg>
<status status="PASS" starttime="20201127 14:33:15.037" endtime="20201127 14:33:18.812"></status>
</kw>
<status status="PASS" starttime="20201127 14:33:15.037" endtime="20201127 14:33:18.812"></status>
</kw>
<status status="PASS" starttime="20201127 14:33:14.933" endtime="20201127 14:33:18.812"></status>
</kw>
<status status="PASS" starttime="20201127 14:33:14.933" endtime="20201127 14:33:18.812"></status>
</kw>
<kw name="Select Product from Search Results" library="ThomannApp">
<kw name="Click Product Link" library="SearchResults">
<doc>Clicks on the first product in the search results list</doc>
<kw name="Click Link" library="SeleniumLibrary">
<doc>Clicks a link identified by ``locator``.</doc>
<arguments>
<arg>${SEARCH_PRODUCT_LINK}</arg>
</arguments>
<msg timestamp="20201127 14:33:18.813" level="INFO">Clicking link 'xpath=//*[@id="defaultResultPage"]/div[1]//a'.</msg>
<status status="PASS" starttime="20201127 14:33:18.813" endtime="20201127 14:33:19.867"></status>
</kw>
<status status="PASS" starttime="20201127 14:33:18.813" endtime="20201127 14:33:19.868"></status>
</kw>
<kw name="Verify Page Loaded" library="Product">
<kw name="Wait Until Page Contains" library="SeleniumLibrary">
<doc>Waits until ``text`` appears on the current page.</doc>
<arguments>
<arg>Lisätietoa</arg>
</arguments>
<status status="PASS" starttime="20201127 14:33:19.868" endtime="20201127 14:33:19.895"></status>
</kw>
<status status="PASS" starttime="20201127 14:33:19.868" endtime="20201127 14:33:19.895"></status>
</kw>
<status status="PASS" starttime="20201127 14:33:18.813" endtime="20201127 14:33:19.895"></status>
</kw>
<kw name="End Web Test" library="Common" type="teardown">
<kw name="Close Browser" library="SeleniumLibrary">
<doc>Closes the current browser.</doc>
<status status="PASS" starttime="20201127 14:33:19.896" endtime="20201127 14:33:22.009"></status>
</kw>
<status status="PASS" starttime="20201127 14:33:19.896" endtime="20201127 14:33:22.010"></status>
</kw>
<doc>Search and select product</doc>
<tags>
<tag>test2</tag>
</tags>
<status status="PASS" starttime="20201127 14:32:59.340" endtime="20201127 14:33:22.011" critical="yes"></status>
</test>
<test id="s1-t3" name="User should be able to add product to cart">
<kw name="Begin Web Test" library="Common" type="setup">
<kw name="Choose Browser" library="Common">
<doc>Users chooses browser for tests</doc>
<assign>
<var>${BROWSER}</var>
</assign>
<kw name="Convert To String" library="BuiltIn">
<doc>Converts the given item to a Unicode string.</doc>
<arguments>
<arg>edge</arg>
</arguments>
<assign>
<var>${Edge}</var>
</assign>
<msg timestamp="20201127 14:33:22.015" level="INFO">${Edge} = edge</msg>
<status status="PASS" starttime="20201127 14:33:22.015" endtime="20201127 14:33:22.015"></status>
</kw>
<kw name="Convert To String" library="BuiltIn">
<doc>Converts the given item to a Unicode string.</doc>
<arguments>
<arg>chrome</arg>
</arguments>
<assign>
<var>${Chrome}</var>
</assign>
<msg timestamp="20201127 14:33:22.015" level="INFO">${Chrome} = chrome</msg>
<status status="PASS" starttime="20201127 14:33:22.015" endtime="20201127 14:33:22.015"></status>
</kw>
<kw name="Convert To String" library="BuiltIn">
<doc>Converts the given item to a Unicode string.</doc>
<arguments>
<arg>ie</arg>
</arguments>
<assign>
<var>${Explorer}</var>
</assign>
<msg timestamp="20201127 14:33:22.015" level="INFO">${Explorer} = ie</msg>
<status status="PASS" starttime="20201127 14:33:22.015" endtime="20201127 14:33:22.015"></status>
</kw>
<kw name="Get Selection From User" library="Dialogs">
<doc>Pauses test execution and asks user to select a value.</doc>
<arguments>
<arg>Choose Your Browser</arg>
<arg>${Edge}</arg>
<arg>${Chrome}</arg>
</arguments>
<assign>
<var>${Selection}</var>
</assign>
<msg timestamp="20201127 14:33:27.188" level="INFO">${Selection} = chrome</msg>
<status status="PASS" starttime="20201127 14:33:22.016" endtime="20201127 14:33:27.188"></status>
</kw>
<msg timestamp="20201127 14:33:27.188" level="INFO">${BROWSER} = chrome</msg>
<status status="PASS" starttime="20201127 14:33:22.014" endtime="20201127 14:33:27.188"></status>
</kw>
<kw name="Open Browser" library="SeleniumLibrary">
<doc>Opens a new browser instance to the optional ``url``.</doc>
<arguments>
<arg>about:blank</arg>
<arg>${BROWSER}</arg>
</arguments>
<msg timestamp="20201127 14:33:27.188" level="INFO">Opening browser 'chrome' to base url 'about:blank'.</msg>
<status status="PASS" starttime="20201127 14:33:27.188" endtime="20201127 14:33:30.296"></status>
</kw>
<kw name="Maximize Browser Window" library="SeleniumLibrary">
<doc>Maximizes current browser window.</doc>
<status status="PASS" starttime="20201127 14:33:30.296" endtime="20201127 14:33:32.426"></status>
</kw>
<status status="PASS" starttime="20201127 14:33:22.014" endtime="20201127 14:33:32.426"></status>
</kw>
<kw name="Accept Cookies" library="ThomannApp">
<kw name="Load" library="LandingPage">
<kw name="Go To" library="SeleniumLibrary">
<doc>Navigates the current browser window to the provided ``url``.</doc>
<arguments>
<arg>${START_URL}</arg>
</arguments>
<msg timestamp="20201127 14:33:32.428" level="INFO">Opening url 'https://www.thomann.de/fi'</msg>
<status status="PASS" starttime="20201127 14:33:32.428" endtime="20201127 14:33:35.415"></status>
</kw>
<status status="PASS" starttime="20201127 14:33:32.427" endtime="20201127 14:33:35.415"></status>
</kw>
<kw name="Accept Cookies" library="Cookies">
<kw name="Wait Until Page Contains" library="SeleniumLibrary">
<doc>Waits until ``text`` appears on the current page.</doc>
<arguments>
<arg>Evästeet</arg>
</arguments>
<status status="PASS" starttime="20201127 14:33:35.415" endtime="20201127 14:33:35.447"></status>
</kw>
<kw name="Click Button" library="SeleniumLibrary">
<doc>Clicks the button identified by ``locator``.</doc>
<arguments>
<arg>xpath=//button[contains(text(),'yväksy')]</arg>
</arguments>
<msg timestamp="20201127 14:33:35.448" level="INFO">Clicking button 'xpath=//button[contains(text(),'yväksy')]'.</msg>
<status status="PASS" starttime="20201127 14:33:35.447" endtime="20201127 14:33:35.534"></status>
</kw>
<kw name="Sleep" library="BuiltIn">
<doc>Pauses the test executed for the given time.</doc>
<arguments>
<arg>1s</arg>
</arguments>
<msg timestamp="20201127 14:33:36.537" level="INFO">Slept 1 second</msg>
<status status="PASS" starttime="20201127 14:33:35.534" endtime="20201127 14:33:36.537"></status>
</kw>
<status status="PASS" starttime="20201127 14:33:35.415" endtime="20201127 14:33:36.537"></status>
</kw>
<status status="PASS" starttime="20201127 14:33:32.427" endtime="20201127 14:33:36.537"></status>
</kw>
<kw name="Verify Landing" library="ThomannApp">
<kw name="Verify" library="LandingPage">
<kw name="Wait Until Page Contains" library="SeleniumLibrary">
<doc>Waits until ``text`` appears on the current page.</doc>
<arguments>
<arg>Tervetuloa Thomannille</arg>
</arguments>
<status status="PASS" starttime="20201127 14:33:36.538" endtime="20201127 14:33:36.562"></status>
</kw>
<status status="PASS" starttime="20201127 14:33:36.538" endtime="20201127 14:33:36.562"></status>
</kw>
<status status="PASS" starttime="20201127 14:33:36.538" endtime="20201127 14:33:36.562"></status>
</kw>
<kw name="Search Products" library="ThomannApp">
<kw name="Search for Products" library="TopNav">
<kw name="Enter Search Term" library="TopNav">
<kw name="Input Text" library="SeleniumLibrary">
<doc>Types the given ``text`` into the text field identified by ``locator``.</doc>
<arguments>
<arg>${TOPNAV_SEARCH_BAR}</arg>
<arg>${SEARCH_TERM}</arg>
</arguments>
<msg timestamp="20201127 14:33:36.563" level="INFO">Typing text 'Telecaster' into text field 'xpath=//*[@id="fsearch-sw"]'.</msg>
<status status="PASS" starttime="20201127 14:33:36.563" endtime="20201127 14:33:36.686"></status>
</kw>
<status status="PASS" starttime="20201127 14:33:36.563" endtime="20201127 14:33:36.686"></status>
</kw>
<kw name="Submit Search" library="TopNav">
<kw name="Press Keys" library="SeleniumLibrary">
<doc>Simulates the user pressing key(s) to an element or on the active browser.</doc>
<arguments>
<arg>${TOPNAV_SEARCH_BAR}</arg>
<arg>ENTER</arg>
</arguments>
<msg timestamp="20201127 14:33:36.687" level="INFO">Sending key(s) ('ENTER',) to xpath=//*[@id="fsearch-sw"] element.</msg>
<msg timestamp="20201127 14:33:37.034" level="INFO">Pressing special key ENTER to element.</msg>
<msg timestamp="20201127 14:33:37.034" level="INFO">Releasing special key ENTER.</msg>
<status status="PASS" starttime="20201127 14:33:36.687" endtime="20201127 14:33:39.170"></status>
</kw>
<status status="PASS" starttime="20201127 14:33:36.687" endtime="20201127 14:33:39.170"></status>
</kw>
<status status="PASS" starttime="20201127 14:33:36.563" endtime="20201127 14:33:39.170"></status>
</kw>
<status status="PASS" starttime="20201127 14:33:36.563" endtime="20201127 14:33:39.171"></status>
</kw>
<kw name="Select Product from Search Results" library="ThomannApp">
<kw name="Click Product Link" library="SearchResults">
<doc>Clicks on the first product in the search results list</doc>
<kw name="Click Link" library="SeleniumLibrary">
<doc>Clicks a link identified by ``locator``.</doc>
<arguments>
<arg>${SEARCH_PRODUCT_LINK}</arg>
</arguments>
<msg timestamp="20201127 14:33:39.172" level="INFO">Clicking link 'xpath=//*[@id="defaultResultPage"]/div[1]//a'.</msg>
<status status="PASS" starttime="20201127 14:33:39.171" endtime="20201127 14:33:40.265"></status>
</kw>
<status status="PASS" starttime="20201127 14:33:39.171" endtime="20201127 14:33:40.265"></status>
</kw>
<kw name="Verify Page Loaded" library="Product">
<kw name="Wait Until Page Contains" library="SeleniumLibrary">
<doc>Waits until ``text`` appears on the current page.</doc>
<arguments>
<arg>Lisätietoa</arg>
</arguments>
<status status="PASS" starttime="20201127 14:33:40.265" endtime="20201127 14:33:40.292"></status>
</kw>
<status status="PASS" starttime="20201127 14:33:40.265" endtime="20201127 14:33:40.292"></status>
</kw>
<status status="PASS" starttime="20201127 14:33:39.171" endtime="20201127 14:33:40.292"></status>
</kw>
<kw name="Add Product to Cart" library="ThomannApp">
<kw name="Add to Cart" library="Product">
<kw name="Click Button" library="SeleniumLibrary">
<doc>Clicks the button identified by ``locator``.</doc>
<arguments>
<arg>${PRODUCT_CART_BUTTON}</arg>
</arguments>
<msg timestamp="20201127 14:33:40.294" level="INFO">Clicking button 'xpath=//button[contains(text(),'Lisää ostoskoriin')]'.</msg>
<status status="PASS" starttime="20201127 14:33:40.293" endtime="20201127 14:33:41.085"></status>
</kw>
<status status="PASS" starttime="20201127 14:33:40.293" endtime="20201127 14:33:41.086"></status>
</kw>
<kw name="Verify Product Added" library="Cart">
<kw name="Wait Until Page Contains" library="SeleniumLibrary">
<doc>Waits until ``text`` appears on the current page.</doc>
<arguments>
<arg>Mene kassalle</arg>
</arguments>
<status status="PASS" starttime="20201127 14:33:41.086" endtime="20201127 14:33:41.562"></status>
</kw>
<status status="PASS" starttime="20201127 14:33:41.086" endtime="20201127 14:33:41.562"></status>
</kw>
<status status="PASS" starttime="20201127 14:33:40.293" endtime="20201127 14:33:41.562"></status>
</kw>
<kw name="End Web Test" library="Common" type="teardown">
<kw name="Close Browser" library="SeleniumLibrary">
<doc>Closes the current browser.</doc>
<status status="PASS" starttime="20201127 14:33:41.563" endtime="20201127 14:33:43.684"></status>
</kw>
<status status="PASS" starttime="20201127 14:33:41.563" endtime="20201127 14:33:43.684"></status>
</kw>
<doc>Add product to cart</doc>
<tags>
<tag>test3</tag>
</tags>
<status status="PASS" starttime="20201127 14:33:22.013" endtime="20201127 14:33:43.686" critical="yes"></status>
</test>
<test id="s1-t4" name="User should log in or write information before buying">
<kw name="Begin Web Test" library="Common" type="setup">
<kw name="Choose Browser" library="Common">
<doc>Users chooses browser for tests</doc>
<assign>
<var>${BROWSER}</var>
</assign>
<kw name="Convert To String" library="BuiltIn">
<doc>Converts the given item to a Unicode string.</doc>
<arguments>
<arg>edge</arg>
</arguments>
<assign>
<var>${Edge}</var>
</assign>
<msg timestamp="20201127 14:33:43.696" level="INFO">${Edge} = edge</msg>
<status status="PASS" starttime="20201127 14:33:43.695" endtime="20201127 14:33:43.696"></status>
</kw>
<kw name="Convert To String" library="BuiltIn">
<doc>Converts the given item to a Unicode string.</doc>
<arguments>
<arg>chrome</arg>
</arguments>
<assign>
<var>${Chrome}</var>
</assign>
<msg timestamp="20201127 14:33:43.696" level="INFO">${Chrome} = chrome</msg>
<status status="PASS" starttime="20201127 14:33:43.696" endtime="20201127 14:33:43.696"></status>
</kw>
<kw name="Convert To String" library="BuiltIn">
<doc>Converts the given item to a Unicode string.</doc>
<arguments>
<arg>ie</arg>
</arguments>
<assign>
<var>${Explorer}</var>
</assign>
<msg timestamp="20201127 14:33:43.696" level="INFO">${Explorer} = ie</msg>
<status status="PASS" starttime="20201127 14:33:43.696" endtime="20201127 14:33:43.696"></status>
</kw>
<kw name="Get Selection From User" library="Dialogs">
<doc>Pauses test execution and asks user to select a value.</doc>
<arguments>
<arg>Choose Your Browser</arg>
<arg>${Edge}</arg>
<arg>${Chrome}</arg>
</arguments>
<assign>
<var>${Selection}</var>
</assign>
<msg timestamp="20201127 14:33:57.438" level="INFO">${Selection} = chrome</msg>
<status status="PASS" starttime="20201127 14:33:43.696" endtime="20201127 14:33:57.438"></status>
</kw>
<msg timestamp="20201127 14:33:57.438" level="INFO">${BROWSER} = chrome</msg>
<status status="PASS" starttime="20201127 14:33:43.695" endtime="20201127 14:33:57.438"></status>
</kw>
<kw name="Open Browser" library="SeleniumLibrary">
<doc>Opens a new browser instance to the optional ``url``.</doc>
<arguments>
<arg>about:blank</arg>
<arg>${BROWSER}</arg>
</arguments>
<msg timestamp="20201127 14:33:57.439" level="INFO">Opening browser 'chrome' to base url 'about:blank'.</msg>
<status status="PASS" starttime="20201127 14:33:57.439" endtime="20201127 14:34:00.499"></status>
</kw>
<kw name="Maximize Browser Window" library="SeleniumLibrary">
<doc>Maximizes current browser window.</doc>
<status status="PASS" starttime="20201127 14:34:00.499" endtime="20201127 14:34:02.636"></status>
</kw>
<status status="PASS" starttime="20201127 14:33:43.694" endtime="20201127 14:34:02.636"></status>
</kw>
<kw name="Get CSV Data" library="DataManager">
<arguments>
<arg>${USERS_PATH_CSV}</arg>
</arguments>
<assign>
<var>${User_Informations}</var>
</assign>
<kw name="Read Csv File" library="Csv">
<arguments>
<arg>${FilePath}</arg>
</arguments>
<assign>
<var>${Data}</var>
</assign>
<msg timestamp="20201127 14:34:02.642" level="INFO">${Data} = [['Fake Company', 'Fake', 'Name', 'Fake address'], ['Etteplan', 'Tuomas', 'Taimi', 'Osoite'], ['Yritys', 'Etunimi', 'Sukunimi', 'Osoite']]</msg>
<status status="PASS" starttime="20201127 14:34:02.640" endtime="20201127 14:34:02.642"></status>
</kw>
<msg timestamp="20201127 14:34:02.643" level="INFO">${User_Informations} = [['Fake Company', 'Fake', 'Name', 'Fake address'], ['Etteplan', 'Tuomas', 'Taimi', 'Osoite'], ['Yritys', 'Etunimi', 'Sukunimi', 'Osoite']]</msg>
<status status="PASS" starttime="20201127 14:34:02.638" endtime="20201127 14:34:02.643"></status>
</kw>
<kw name="Accept Cookies" library="ThomannApp">
<kw name="Load" library="LandingPage">
<kw name="Go To" library="SeleniumLibrary">
<doc>Navigates the current browser window to the provided ``url``.</doc>
<arguments>
<arg>${START_URL}</arg>
</arguments>
<msg timestamp="20201127 14:34:02.648" level="INFO">Opening url 'https://www.thomann.de/fi'</msg>
<status status="PASS" starttime="20201127 14:34:02.647" endtime="20201127 14:34:05.647"></status>
</kw>
<status status="PASS" starttime="20201127 14:34:02.646" endtime="20201127 14:34:05.647"></status>
</kw>
<kw name="Accept Cookies" library="Cookies">
<kw name="Wait Until Page Contains" library="SeleniumLibrary">
<doc>Waits until ``text`` appears on the current page.</doc>
<arguments>
<arg>Evästeet</arg>
</arguments>
<status status="PASS" starttime="20201127 14:34:05.648" endtime="20201127 14:34:05.686"></status>
</kw>
<kw name="Click Button" library="SeleniumLibrary">
<doc>Clicks the button identified by ``locator``.</doc>
<arguments>
<arg>xpath=//button[contains(text(),'yväksy')]</arg>
</arguments>
<msg timestamp="20201127 14:34:05.687" level="INFO">Clicking button 'xpath=//button[contains(text(),'yväksy')]'.</msg>
<status status="PASS" starttime="20201127 14:34:05.686" endtime="20201127 14:34:05.762"></status>
</kw>
<kw name="Sleep" library="BuiltIn">
<doc>Pauses the test executed for the given time.</doc>
<arguments>
<arg>1s</arg>
</arguments>
<msg timestamp="20201127 14:34:06.763" level="INFO">Slept 1 second</msg>
<status status="PASS" starttime="20201127 14:34:05.762" endtime="20201127 14:34:06.763"></status>
</kw>
<status status="PASS" starttime="20201127 14:34:05.647" endtime="20201127 14:34:06.763"></status>
</kw>
<status status="PASS" starttime="20201127 14:34:02.645" endtime="20201127 14:34:06.763"></status>
</kw>
<kw name="Verify Landing" library="ThomannApp">
<kw name="Verify" library="LandingPage">
<kw name="Wait Until Page Contains" library="SeleniumLibrary">
<doc>Waits until ``text`` appears on the current page.</doc>
<arguments>
<arg>Tervetuloa Thomannille</arg>
</arguments>
<status status="PASS" starttime="20201127 14:34:06.764" endtime="20201127 14:34:06.785"></status>
</kw>
<status status="PASS" starttime="20201127 14:34:06.764" endtime="20201127 14:34:06.785"></status>
</kw>
<status status="PASS" starttime="20201127 14:34:06.764" endtime="20201127 14:34:06.785"></status>
</kw>
<kw name="Search Products" library="ThomannApp">
<kw name="Search for Products" library="TopNav">
<kw name="Enter Search Term" library="TopNav">
<kw name="Input Text" library="SeleniumLibrary">
<doc>Types the given ``text`` into the text field identified by ``locator``.</doc>
<arguments>
<arg>${TOPNAV_SEARCH_BAR}</arg>
<arg>${SEARCH_TERM}</arg>
</arguments>
<msg timestamp="20201127 14:34:06.786" level="INFO">Typing text 'Telecaster' into text field 'xpath=//*[@id="fsearch-sw"]'.</msg>
<status status="PASS" starttime="20201127 14:34:06.786" endtime="20201127 14:34:06.891"></status>
</kw>
<status status="PASS" starttime="20201127 14:34:06.786" endtime="20201127 14:34:06.891"></status>
</kw>
<kw name="Submit Search" library="TopNav">
<kw name="Press Keys" library="SeleniumLibrary">
<doc>Simulates the user pressing key(s) to an element or on the active browser.</doc>
<arguments>
<arg>${TOPNAV_SEARCH_BAR}</arg>
<arg>ENTER</arg>
</arguments>
<msg timestamp="20201127 14:34:06.892" level="INFO">Sending key(s) ('ENTER',) to xpath=//*[@id="fsearch-sw"] element.</msg>
<msg timestamp="20201127 14:34:07.233" level="INFO">Pressing special key ENTER to element.</msg>
<msg timestamp="20201127 14:34:07.233" level="INFO">Releasing special key ENTER.</msg>
<status status="PASS" starttime="20201127 14:34:06.892" endtime="20201127 14:34:09.365"></status>
</kw>
<status status="PASS" starttime="20201127 14:34:06.891" endtime="20201127 14:34:09.365"></status>
</kw>
<status status="PASS" starttime="20201127 14:34:06.786" endtime="20201127 14:34:09.365"></status>
</kw>
<status status="PASS" starttime="20201127 14:34:06.785" endtime="20201127 14:34:09.365"></status>
</kw>
<kw name="Select Product from Search Results" library="ThomannApp">
<kw name="Click Product Link" library="SearchResults">
<doc>Clicks on the first product in the search results list</doc>
<kw name="Click Link" library="SeleniumLibrary">
<doc>Clicks a link identified by ``locator``.</doc>
<arguments>
<arg>${SEARCH_PRODUCT_LINK}</arg>
</arguments>
<msg timestamp="20201127 14:34:09.367" level="INFO">Clicking link 'xpath=//*[@id="defaultResultPage"]/div[1]//a'.</msg>
<status status="PASS" starttime="20201127 14:34:09.366" endtime="20201127 14:34:10.852"></status>
</kw>
<status status="PASS" starttime="20201127 14:34:09.366" endtime="20201127 14:34:10.853"></status>
</kw>
<kw name="Verify Page Loaded" library="Product">
<kw name="Wait Until Page Contains" library="SeleniumLibrary">
<doc>Waits until ``text`` appears on the current page.</doc>
<arguments>
<arg>Lisätietoa</arg>
</arguments>
<status status="PASS" starttime="20201127 14:34:10.854" endtime="20201127 14:34:10.885"></status>
</kw>
<status status="PASS" starttime="20201127 14:34:10.853" endtime="20201127 14:34:10.886"></status>
</kw>
<status status="PASS" starttime="20201127 14:34:09.366" endtime="20201127 14:34:10.886"></status>
</kw>
<kw name="Add Product to Cart" library="ThomannApp">
<kw name="Add to Cart" library="Product">
<kw name="Click Button" library="SeleniumLibrary">
<doc>Clicks the button identified by ``locator``.</doc>
<arguments>
<arg>${PRODUCT_CART_BUTTON}</arg>
</arguments>
<msg timestamp="20201127 14:34:10.887" level="INFO">Clicking button 'xpath=//button[contains(text(),'Lisää ostoskoriin')]'.</msg>
<status status="PASS" starttime="20201127 14:34:10.887" endtime="20201127 14:34:11.557"></status>
</kw>
<status status="PASS" starttime="20201127 14:34:10.887" endtime="20201127 14:34:11.557"></status>
</kw>
<kw name="Verify Product Added" library="Cart">
<kw name="Wait Until Page Contains" library="SeleniumLibrary">
<doc>Waits until ``text`` appears on the current page.</doc>
<arguments>
<arg>Mene kassalle</arg>
</arguments>
<status status="PASS" starttime="20201127 14:34:11.557" endtime="20201127 14:34:11.811"></status>
</kw>
<status status="PASS" starttime="20201127 14:34:11.557" endtime="20201127 14:34:11.811"></status>
</kw>
<status status="PASS" starttime="20201127 14:34:10.886" endtime="20201127 14:34:11.811"></status>
</kw>
<kw name="Proceed to Checkout" library="ThomannApp">
<kw name="Proceed to Checkout" library="Cart">
<kw name="Click Link" library="SeleniumLibrary">
<doc>Clicks a link identified by ``locator``.</doc>
<arguments>
<arg>id=checkoutButton</arg>
</arguments>
<msg timestamp="20201127 14:34:11.812" level="INFO">Clicking link 'id=checkoutButton'.</msg>
<status status="PASS" starttime="20201127 14:34:11.812" endtime="20201127 14:34:12.187"></status>
</kw>
<status status="PASS" starttime="20201127 14:34:11.811" endtime="20201127 14:34:12.187"></status>
</kw>
<kw name="Verify Page Loaded" library="SignIn">
<kw name="Wait Until Page Contains" library="SeleniumLibrary">
<doc>Waits until ``text`` appears on the current page.</doc>
<arguments>
<arg>Kassa</arg>
</arguments>
<status status="PASS" starttime="20201127 14:34:12.188" endtime="20201127 14:34:12.739"></status>
</kw>
<status status="PASS" starttime="20201127 14:34:12.188" endtime="20201127 14:34:12.739"></status>
</kw>
<status status="PASS" starttime="20201127 14:34:11.811" endtime="20201127 14:34:12.739"></status>
</kw>
<kw name="Write User Information" library="ThomannApp">
<arguments>
<arg>${User_Informations}</arg>
</arguments>
<kw name="Write Information" library="SignIn">
<doc>Writes information from list</doc>
<arguments>
<arg>${Information}</arg>
</arguments>
<kw name="${Information} IN [ @{Users} ]" type="for">
<kw name="${Information} = ['Fake Company', 'Fake', 'Name', 'Fake address']" type="foritem">
<kw name="Run Keyword And Continue On Failure" library="BuiltIn">
<doc>Runs the keyword and continues execution even if a failure occurs.</doc>
<arguments>
<arg>Fill Company Name</arg>
<arg>${Information}</arg>
</arguments>
<kw name="Fill Company Name" library="SignIn">
<arguments>
<arg>${Information}</arg>
</arguments>
<kw name="Input Text" library="SeleniumLibrary">
<doc>Types the given ``text`` into the text field identified by ``locator``.</doc>
<arguments>
<arg>xpath=//input[@name="companyname"]</arg>
<arg>${Information[0]}</arg>
</arguments>
<msg timestamp="20201127 14:34:12.741" level="INFO">Typing text 'Fake Company' into text field 'xpath=//input[@name="companyname"]'.</msg>
<status status="PASS" starttime="20201127 14:34:12.741" endtime="20201127 14:34:12.957"></status>
</kw>
<status status="PASS" starttime="20201127 14:34:12.741" endtime="20201127 14:34:12.957"></status>
</kw>
<status status="PASS" starttime="20201127 14:34:12.741" endtime="20201127 14:34:12.957"></status>
</kw>
<kw name="Run Keyword And Continue On Failure" library="BuiltIn">
<doc>Runs the keyword and continues execution even if a failure occurs.</doc>
<arguments>
<arg>Fill First Name</arg>
<arg>${Information}</arg>
</arguments>
<kw name="Fill First Name" library="SignIn">
<arguments>
<arg>${Information}</arg>
</arguments>
<kw name="Input Text" library="SeleniumLibrary">
<doc>Types the given ``text`` into the text field identified by ``locator``.</doc>
<arguments>
<arg>xpath=//input[@name="firstname"]</arg>
<arg>${Information[1]}</arg>
</arguments>
<msg timestamp="20201127 14:34:12.958" level="INFO">Typing text 'Fake' into text field 'xpath=//input[@name="firstname"]'.</msg>
<status status="PASS" starttime="20201127 14:34:12.957" endtime="20201127 14:34:13.361"></status>
</kw>
<status status="PASS" starttime="20201127 14:34:12.957" endtime="20201127 14:34:13.361"></status>
</kw>
<status status="PASS" starttime="20201127 14:34:12.957" endtime="20201127 14:34:13.361"></status>
</kw>
<kw name="Run Keyword And Continue On Failure" library="BuiltIn">
<doc>Runs the keyword and continues execution even if a failure occurs.</doc>
<arguments>
<arg>Fill Last Name</arg>
<arg>${Information}</arg>
</arguments>
<kw name="Fill Last Name" library="SignIn">
<arguments>
<arg>${Information}</arg>
</arguments>
<kw name="Input Text" library="SeleniumLibrary">
<doc>Types the given ``text`` into the text field identified by ``locator``.</doc>
<arguments>
<arg>xpath=//input[@name="familyname"]</arg>
<arg>${Information[2]}</arg>
</arguments>
<msg timestamp="20201127 14:34:13.362" level="INFO">Typing text 'Name' into text field 'xpath=//input[@name="familyname"]'.</msg>
<status status="PASS" starttime="20201127 14:34:13.362" endtime="20201127 14:34:13.488"></status>
</kw>
<status status="PASS" starttime="20201127 14:34:13.362" endtime="20201127 14:34:13.488"></status>
</kw>
<status status="PASS" starttime="20201127 14:34:13.361" endtime="20201127 14:34:13.488"></status>
</kw>
<kw name="Run Keyword And Continue On Failure" library="BuiltIn">
<doc>Runs the keyword and continues execution even if a failure occurs.</doc>
<arguments>
<arg>Fill Adress</arg>
<arg>${Information}</arg>
</arguments>
<kw name="Fill Adress" library="SignIn">
<arguments>
<arg>${Information}</arg>
</arguments>
<kw name="Input Text" library="SeleniumLibrary">
<doc>Types the given ``text`` into the text field identified by ``locator``.</doc>
<arguments>
<arg>xpath=//input[@name="street"]</arg>
<arg>${Information[3]}</arg>
</arguments>
<msg timestamp="20201127 14:34:13.489" level="INFO">Typing text 'Fake address' into text field 'xpath=//input[@name="street"]'.</msg>
<status status="PASS" starttime="20201127 14:34:13.488" endtime="20201127 14:34:13.596"></status>
</kw>
<status status="PASS" starttime="20201127 14:34:13.488" endtime="20201127 14:34:13.597"></status>
</kw>
<status status="PASS" starttime="20201127 14:34:13.488" endtime="20201127 14:34:13.597"></status>
</kw>
<kw name="Sleep" library="BuiltIn">
<doc>Pauses the test executed for the given time.</doc>
<arguments>
<arg>1s</arg>
</arguments>
<msg timestamp="20201127 14:34:14.598" level="INFO">Slept 1 second</msg>
<status status="PASS" starttime="20201127 14:34:13.597" endtime="20201127 14:34:14.598"></status>
</kw>
<status status="PASS" starttime="20201127 14:34:12.741" endtime="20201127 14:34:14.599"></status>
</kw>
<kw name="${Information} = ['Etteplan', 'Tuomas', 'Taimi', 'Osoite']" type="foritem">
<kw name="Run Keyword And Continue On Failure" library="BuiltIn">
<doc>Runs the keyword and continues execution even if a failure occurs.</doc>
<arguments>
<arg>Fill Company Name</arg>
<arg>${Information}</arg>
</arguments>
<kw name="Fill Company Name" library="SignIn">
<arguments>
<arg>${Information}</arg>
</arguments>
<kw name="Input Text" library="SeleniumLibrary">
<doc>Types the given ``text`` into the text field identified by ``locator``.</doc>
<arguments>
<arg>xpath=//input[@name="companyname"]</arg>
<arg>${Information[0]}</arg>
</arguments>
<msg timestamp="20201127 14:34:14.603" level="INFO">Typing text 'Etteplan' into text field 'xpath=//input[@name="companyname"]'.</msg>
<status status="PASS" starttime="20201127 14:34:14.602" endtime="20201127 14:34:14.702"></status>
</kw>
<status status="PASS" starttime="20201127 14:34:14.600" endtime="20201127 14:34:14.703"></status>
</kw>
<status status="PASS" starttime="20201127 14:34:14.599" endtime="20201127 14:34:14.703"></status>
</kw>
<kw name="Run Keyword And Continue On Failure" library="BuiltIn">
<doc>Runs the keyword and continues execution even if a failure occurs.</doc>
<arguments>
<arg>Fill First Name</arg>
<arg>${Information}</arg>
</arguments>
<kw name="Fill First Name" library="SignIn">
<arguments>
<arg>${Information}</arg>
</arguments>
<kw name="Input Text" library="SeleniumLibrary">
<doc>Types the given ``text`` into the text field identified by ``locator``.</doc>
<arguments>
<arg>xpath=//input[@name="firstname"]</arg>
<arg>${Information[1]}</arg>
</arguments>
<msg timestamp="20201127 14:34:14.703" level="INFO">Typing text 'Tuomas' into text field 'xpath=//input[@name="firstname"]'.</msg>
<status status="PASS" starttime="20201127 14:34:14.703" endtime="20201127 14:34:14.796"></status>
</kw>
<status status="PASS" starttime="20201127 14:34:14.703" endtime="20201127 14:34:14.796"></status>
</kw>
<status status="PASS" starttime="20201127 14:34:14.703" endtime="20201127 14:34:14.796"></status>
</kw>
<kw name="Run Keyword And Continue On Failure" library="BuiltIn">
<doc>Runs the keyword and continues execution even if a failure occurs.</doc>
<arguments>
<arg>Fill Last Name</arg>
<arg>${Information}</arg>
</arguments>
<kw name="Fill Last Name" library="SignIn">
<arguments>
<arg>${Information}</arg>
</arguments>
<kw name="Input Text" library="SeleniumLibrary">
<doc>Types the given ``text`` into the text field identified by ``locator``.</doc>
<arguments>
<arg>xpath=//input[@name="familyname"]</arg>
<arg>${Information[2]}</arg>
</arguments>
<msg timestamp="20201127 14:34:14.797" level="INFO">Typing text 'Taimi' into text field 'xpath=//input[@name="familyname"]'.</msg>
<status status="PASS" starttime="20201127 14:34:14.797" endtime="20201127 14:34:14.881"></status>
</kw>
<status status="PASS" starttime="20201127 14:34:14.796" endtime="20201127 14:34:14.881"></status>
</kw>
<status status="PASS" starttime="20201127 14:34:14.796" endtime="20201127 14:34:14.881"></status>
</kw>
<kw name="Run Keyword And Continue On Failure" library="BuiltIn">
<doc>Runs the keyword and continues execution even if a failure occurs.</doc>
<arguments>
<arg>Fill Adress</arg>
<arg>${Information}</arg>
</arguments>
<kw name="Fill Adress" library="SignIn">
<arguments>
<arg>${Information}</arg>
</arguments>
<kw name="Input Text" library="SeleniumLibrary">
<doc>Types the given ``text`` into the text field identified by ``locator``.</doc>
<arguments>
<arg>xpath=//input[@name="street"]</arg>
<arg>${Information[3]}</arg>
</arguments>
<msg timestamp="20201127 14:34:14.882" level="INFO">Typing text 'Osoite' into text field 'xpath=//input[@name="street"]'.</msg>
<status status="PASS" starttime="20201127 14:34:14.881" endtime="20201127 14:34:14.970"></status>
</kw>
<status status="PASS" starttime="20201127 14:34:14.881" endtime="20201127 14:34:14.970"></status>
</kw>
<status status="PASS" starttime="20201127 14:34:14.881" endtime="20201127 14:34:14.970"></status>
</kw>
<kw name="Sleep" library="BuiltIn">
<doc>Pauses the test executed for the given time.</doc>
<arguments>
<arg>1s</arg>
</arguments>
<msg timestamp="20201127 14:34:15.972" level="INFO">Slept 1 second</msg>
<status status="PASS" starttime="20201127 14:34:14.970" endtime="20201127 14:34:15.972"></status>
</kw>
<status status="PASS" starttime="20201127 14:34:14.599" endtime="20201127 14:34:15.972"></status>
</kw>
<kw name="${Information} = ['Yritys', 'Etunimi', 'Sukunimi', 'Osoite']" type="foritem">
<kw name="Run Keyword And Continue On Failure" library="BuiltIn">
<doc>Runs the keyword and continues execution even if a failure occurs.</doc>
<arguments>
<arg>Fill Company Name</arg>
<arg>${Information}</arg>
</arguments>
<kw name="Fill Company Name" library="SignIn">
<arguments>
<arg>${Information}</arg>
</arguments>
<kw name="Input Text" library="SeleniumLibrary">
<doc>Types the given ``text`` into the text field identified by ``locator``.</doc>
<arguments>
<arg>xpath=//input[@name="companyname"]</arg>
<arg>${Information[0]}</arg>
</arguments>
<msg timestamp="20201127 14:34:15.975" level="INFO">Typing text 'Yritys' into text field 'xpath=//input[@name="companyname"]'.</msg>
<status status="PASS" starttime="20201127 14:34:15.975" endtime="20201127 14:34:16.063"></status>
</kw>
<status status="PASS" starttime="20201127 14:34:15.974" endtime="20201127 14:34:16.064"></status>
</kw>
<status status="PASS" starttime="20201127 14:34:15.973" endtime="20201127 14:34:16.064"></status>
</kw>
<kw name="Run Keyword And Continue On Failure" library="BuiltIn">
<doc>Runs the keyword and continues execution even if a failure occurs.</doc>
<arguments>
<arg>Fill First Name</arg>
<arg>${Information}</arg>
</arguments>
<kw name="Fill First Name" library="SignIn">
<arguments>
<arg>${Information}</arg>
</arguments>
<kw name="Input Text" library="SeleniumLibrary">
<doc>Types the given ``text`` into the text field identified by ``locator``.</doc>
<arguments>
<arg>xpath=//input[@name="firstname"]</arg>
<arg>${Information[1]}</arg>
</arguments>
<msg timestamp="20201127 14:34:16.065" level="INFO">Typing text 'Etunimi' into text field 'xpath=//input[@name="firstname"]'.</msg>
<status status="PASS" starttime="20201127 14:34:16.064" endtime="20201127 14:34:16.160"></status>
</kw>
<status status="PASS" starttime="20201127 14:34:16.064" endtime="20201127 14:34:16.160"></status>
</kw>
<status status="PASS" starttime="20201127 14:34:16.064" endtime="20201127 14:34:16.160"></status>
</kw>
<kw name="Run Keyword And Continue On Failure" library="BuiltIn">
<doc>Runs the keyword and continues execution even if a failure occurs.</doc>
<arguments>
<arg>Fill Last Name</arg>
<arg>${Information}</arg>
</arguments>
<kw name="Fill Last Name" library="SignIn">
<arguments>
<arg>${Information}</arg>
</arguments>
<kw name="Input Text" library="SeleniumLibrary">
<doc>Types the given ``text`` into the text field identified by ``locator``.</doc>
<arguments>
<arg>xpath=//input[@name="familyname"]</arg>
<arg>${Information[2]}</arg>
</arguments>
<msg timestamp="20201127 14:34:16.161" level="INFO">Typing text 'Sukunimi' into text field 'xpath=//input[@name="familyname"]'.</msg>
<status status="PASS" starttime="20201127 14:34:16.161" endtime="20201127 14:34:16.254"></status>
</kw>
<status status="PASS" starttime="20201127 14:34:16.161" endtime="20201127 14:34:16.254"></status>
</kw>
<status status="PASS" starttime="20201127 14:34:16.161" endtime="20201127 14:34:16.254"></status>
</kw>
<kw name="Run Keyword And Continue On Failure" library="BuiltIn">
<doc>Runs the keyword and continues execution even if a failure occurs.</doc>
<arguments>
<arg>Fill Adress</arg>
<arg>${Information}</arg>
</arguments>
<kw name="Fill Adress" library="SignIn">
<arguments>
<arg>${Information}</arg>
</arguments>
<kw name="Input Text" library="SeleniumLibrary">
<doc>Types the given ``text`` into the text field identified by ``locator``.</doc>
<arguments>
<arg>xpath=//input[@name="street"]</arg>
<arg>${Information[3]}</arg>
</arguments>
<msg timestamp="20201127 14:34:16.255" level="INFO">Typing text 'Osoite' into text field 'xpath=//input[@name="street"]'.</msg>
<status status="PASS" starttime="20201127 14:34:16.255" endtime="20201127 14:34:16.341"></status>
</kw>
<status status="PASS" starttime="20201127 14:34:16.255" endtime="20201127 14:34:16.341"></status>
</kw>
<status status="PASS" starttime="20201127 14:34:16.254" endtime="20201127 14:34:16.341"></status>
</kw>
<kw name="Sleep" library="BuiltIn">
<doc>Pauses the test executed for the given time.</doc>
<arguments>
<arg>1s</arg>
</arguments>
<msg timestamp="20201127 14:34:17.342" level="INFO">Slept 1 second</msg>
<status status="PASS" starttime="20201127 14:34:16.341" endtime="20201127 14:34:17.342"></status>
</kw>
<status status="PASS" starttime="20201127 14:34:15.972" endtime="20201127 14:34:17.342"></status>
</kw>
<status status="PASS" starttime="20201127 14:34:12.741" endtime="20201127 14:34:17.342"></status>
</kw>
<status status="PASS" starttime="20201127 14:34:12.740" endtime="20201127 14:34:17.343"></status>
</kw>
<status status="PASS" starttime="20201127 14:34:12.740" endtime="20201127 14:34:17.343"></status>
</kw>
<kw name="End Web Test" library="Common" type="teardown">
<kw name="Close Browser" library="SeleniumLibrary">
<doc>Closes the current browser.</doc>
<status status="PASS" starttime="20201127 14:34:17.346" endtime="20201127 14:34:19.461"></status>
</kw>
<status status="PASS" starttime="20201127 14:34:17.346" endtime="20201127 14:34:19.461"></status>
</kw>
<doc>Page should ask customer to log in or user can write info without loggin in</doc>
<tags>
<tag>test4</tag>
</tags>
<status status="PASS" starttime="20201127 14:33:43.691" endtime="20201127 14:34:19.463" critical="yes"></status>
</test>
<doc>Test makes sure user has to log in before buying a searched product</doc>
<status status="PASS" starttime="20201127 14:32:44.015" endtime="20201127 14:34:19.469"></status>
</suite>
<statistics>
<total>
<stat pass="4" fail="0">Critical Tests</stat>
<stat pass="4" fail="0">All Tests</stat>
</total>
<tag>
<stat pass="1" fail="0">test1</stat>
<stat pass="1" fail="0">test2</stat>
<stat pass="1" fail="0">test3</stat>
<stat pass="1" fail="0">test4</stat>
</tag>
<suite>
<stat pass="4" fail="0" id="s1" name="Thomann">Thomann</stat>
</suite>
</statistics>
<errors>
</errors>
</robot>
